<?xml version="1.0" encoding="UTF-8"?>
<testsuite xmlns:xsi="http://www.w3.org/2001/XMLSchema-instance" xsi:noNamespaceSchemaLocation="https://maven.apache.org/surefire/maven-surefire-plugin/xsd/surefire-test-report.xsd" name="com.in28minutes.fullstack.springboot.react.maven.crud.springbootreactcrudfullstackwithmaven.SpringBootReactCrudFullStackWithMavenApplicationTests" time="0.403" tests="1" errors="1" skipped="0" failures="0">
  <properties>
[...]
</properties>
  <testcase name="initializationError" classname="com.in28minutes.fullstack.springboot.react.maven.crud.springbootreactcrudfullstackwithmaven.SpringBootReactCrudFullStackWithMavenApplicationTests" time="0.006">
    <error message="Unable to find a @SpringBootConfiguration, you need to use @ContextConfiguration or @SpringBootTest(classes=...) with your test" type="java.lang.IllegalStateException">java.lang.IllegalStateException: Unable to find a @SpringBootConfiguration, you need to use @ContextConfiguration or @SpringBootTest(classes=...) with your test
</error>
    <system-out><![CDATA[09:33:51.711 [main] DEBUG org.springframework.test.context.junit4.SpringJUnit4ClassRunner - SpringJUnit4ClassRunner constructor called with [class com.in28minutes.fullstack.springboot.react.maven.crud.springbootreactcrudfullstackwithmaven.SpringBootReactCrudFullStackWithMavenApplicationTests]
09:33:51.718 [main] DEBUG org.springframework.test.context.BootstrapUtils - Instantiating CacheAwareContextLoaderDelegate from class [org.springframework.test.context.cache.DefaultCacheAwareContextLoaderDelegate]
09:33:51.727 [main] DEBUG org.springframework.test.context.BootstrapUtils - Instantiating BootstrapContext using constructor [public org.springframework.test.context.support.DefaultBootstrapContext(java.lang.Class,org.springframework.test.context.CacheAwareContextLoaderDelegate)]
09:33:51.755 [main] DEBUG org.springframework.test.context.BootstrapUtils - Instantiating TestContextBootstrapper for test class [com.in28minutes.fullstack.springboot.react.maven.crud.springbootreactcrudfullstackwithmaven.SpringBootReactCrudFullStackWithMavenApplicationTests] from class [org.springframework.boot.test.context.SpringBootTestContextBootstrapper]
09:33:51.774 [main] INFO org.springframework.boot.test.context.SpringBootTestContextBootstrapper - Neither @ContextConfiguration nor @ContextHierarchy found for test class [com.in28minutes.fullstack.springboot.react.maven.crud.springbootreactcrudfullstackwithmaven.SpringBootReactCrudFullStackWithMavenApplicationTests], using SpringBootContextLoader
09:33:51.779 [main] DEBUG org.springframework.test.context.support.AbstractContextLoader - Did not detect default resource location for test class [com.in28minutes.fullstack.springboot.react.maven.crud.springbootreactcrudfullstackwithmaven.SpringBootReactCrudFullStackWithMavenApplicationTests]: class path resource [com/in28minutes/fullstack/springboot/react/maven/crud/springbootreactcrudfullstackwithmaven/SpringBootReactCrudFullStackWithMavenApplicationTests-context.xml] does not exist
09:33:51.781 [main] DEBUG org.springframework.test.context.support.AbstractContextLoader - Did not detect default resource location for test class [com.in28minutes.fullstack.springboot.react.maven.crud.springbootreactcrudfullstackwithmaven.SpringBootReactCrudFullStackWithMavenApplicationTests]: class path resource [com/in28minutes/fullstack/springboot/react/maven/crud/springbootreactcrudfullstackwithmaven/SpringBootReactCrudFullStackWithMavenApplicationTestsContext.groovy] does not exist
09:33:51.782 [main] INFO org.springframework.test.context.support.AbstractContextLoader - Could not detect default resource locations for test class [com.in28minutes.fullstack.springboot.react.maven.crud.springbootreactcrudfullstackwithmaven.SpringBootReactCrudFullStackWithMavenApplicationTests]: no resource found for suffixes {-context.xml, Context.groovy}.
09:33:51.783 [main] INFO org.springframework.test.context.support.AnnotationConfigContextLoaderUtils - Could not detect default configuration classes for test class [com.in28minutes.fullstack.springboot.react.maven.crud.springbootreactcrudfullstackwithmaven.SpringBootReactCrudFullStackWithMavenApplicationTests]: SpringBootReactCrudFullStackWithMavenApplicationTests does not declare any static, non-private, non-final, nested classes annotated with @Configuration.
09:33:51.883 [main] DEBUG org.springframework.test.context.support.ActiveProfilesUtils - Could not find an 'annotation declaring class' for annotation type [org.springframework.test.context.ActiveProfiles] and class [com.in28minutes.fullstack.springboot.react.maven.crud.springbootreactcrudfullstackwithmaven.SpringBootReactCrudFullStackWithMavenApplicationTests]
]]></system-out>
  </testcase>
</testsuite>